<?xml version="1.0" encoding="utf-8"?><testsuites name="pytest tests"><testsuite name="pytest" errors="0" failures="0" skipped="0" tests="36" time="0.320" timestamp="2026-02-08T22:21:09.621236+03:00" hostname="MacBook-Pro-Mihail.local"><testcase classname="tests.integration.test_buildings_api.TestListBuildings" name="test_list_buildings" time="0.013" /><testcase classname="tests.integration.test_buildings_api.TestListBuildings" name="test_list_buildings_pagination" time="0.010" /><testcase classname="tests.integration.test_organizations_api.TestGetOrganization" name="test_get_by_id" time="0.011" /><testcase classname="tests.integration.test_organizations_api.TestGetOrganization" name="test_get_not_found" time="0.009" /><testcase classname="tests.integration.test_organizations_api.TestGetByBuilding" name="test_returns_orgs" time="0.010" /><testcase classname="tests.integration.test_organizations_api.TestGetByBuilding" name="test_building_not_found" time="0.010" /><testcase classname="tests.integration.test_organizations_api.TestGetByActivity" name="test_returns_orgs" time="0.010" /><testcase classname="tests.integration.test_organizations_api.TestGetByActivity" name="test_activity_not_found" time="0.009" /><testcase classname="tests.integration.test_organizations_api.TestSearchByName" name="test_search_by_name" time="0.009" /><testcase classname="tests.integration.test_organizations_api.TestSearchByName" name="test_search_requires_name" time="0.009" /><testcase classname="tests.integration.test_organizations_api.TestSearchByActivityTree" name="test_search_with_subtree" time="0.010" /><testcase classname="tests.integration.test_organizations_api.TestSearchInRadius" name="test_finds_orgs_in_radius" time="0.011" /><testcase classname="tests.integration.test_organizations_api.TestSearchInRadius" name="test_empty_when_no_buildings" time="0.010" /><testcase classname="tests.integration.test_organizations_api.TestSearchInRect" name="test_finds_orgs_in_rect" time="0.011" /><testcase classname="tests.integration.test_organizations_api.TestAuthentication" name="test_missing_api_key" time="0.009" /><testcase classname="tests.integration.test_organizations_api.TestAuthentication" name="test_invalid_api_key" time="0.009" /><testcase classname="tests.integration.test_organizations_api.TestHealthCheck" name="test_health_endpoint" time="0.009" /><testcase classname="tests.unit.test_building_service.TestGetAll" name="test_returns_paginated_response" time="0.002" /><testcase classname="tests.unit.test_building_service.TestGetAll" name="test_pagination_offset_calculated" time="0.001" /><testcase classname="tests.unit.test_config.TestConfig" name="test_default_values" time="0.000" /><testcase classname="tests.unit.test_config.TestConfig" name="test_database_url_property" time="0.000" /><testcase classname="tests.unit.test_config.TestConfig" name="test_debug_converter" time="0.000" /><testcase classname="tests.unit.test_config.TestConfig" name="test_pool_settings" time="0.000" /><testcase classname="tests.unit.test_config.TestConfigToEnvDict" name="test_converts_config_to_dict" time="0.000" /><testcase classname="tests.unit.test_organization_service.TestGetById" name="test_returns_organization" time="0.002" /><testcase classname="tests.unit.test_organization_service.TestGetById" name="test_raises_not_found" time="0.001" /><testcase classname="tests.unit.test_organization_service.TestGetByBuilding" name="test_returns_orgs_in_building" time="0.002" /><testcase classname="tests.unit.test_organization_service.TestGetByBuilding" name="test_raises_not_found_for_building" time="0.001" /><testcase classname="tests.unit.test_organization_service.TestGetByActivity" name="test_returns_orgs_by_activity" time="0.002" /><testcase classname="tests.unit.test_organization_service.TestGetByActivity" name="test_raises_not_found_for_activity" time="0.001" /><testcase classname="tests.unit.test_organization_service.TestSearchByActivityTree" name="test_searches_with_subtree" time="0.002" /><testcase classname="tests.unit.test_organization_service.TestSearchByName" name="test_searches_by_name" time="0.002" /><testcase classname="tests.unit.test_organization_service.TestFindInRadius" name="test_finds_in_radius" time="0.002" /><testcase classname="tests.unit.test_organization_service.TestFindInRadius" name="test_empty_when_no_buildings" time="0.001" /><testcase classname="tests.unit.test_organization_service.TestFindInRect" name="test_finds_in_rect" time="0.002" /><testcase classname="tests.unit.test_organization_service.TestFindInRect" name="test_empty_when_no_buildings" time="0.001" /></testsuite></testsuites>